<?xml version="1.0" encoding="UTF-8"?>
<!-- Generated by org.testng.reporters.JUnitReportReporter -->
<testsuite hostname="neha" name="com.NEHGS.testcases.AppTest" tests="1" failures="0" timestamp="3 Mar 2019 15:04:56 GMT" time="0.046" errors="0">
  <testcase name="shouldAnswerWithTrue" time="0.046" classname="com.NEHGS.testcases.AppTest"/>
</testsuite> <!-- com.NEHGS.testcases.AppTest -->
